[0.033s] Invoking command in '/root/ws/my_jaco_controller/build/my_jaco_controller': CMAKE_PREFIX_PATH=/opt/ros/humble /usr/bin/cmake /root/ws/my_jaco_controller -DCMAKE_INSTALL_PREFIX=/root/ws/my_jaco_controller/install/my_jaco_controller
[0.043s] -- Found ament_cmake: 1.3.5 (/opt/ros/humble/share/ament_cmake/cmake)
[0.147s] -- Found rclcpp: 16.0.6 (/opt/ros/humble/share/rclcpp/cmake)
[0.170s] -- Found rosidl_generator_c: 3.1.5 (/opt/ros/humble/share/rosidl_generator_c/cmake)
[0.172s] -- Found rosidl_adapter: 3.1.5 (/opt/ros/humble/share/rosidl_adapter/cmake)
[0.177s] -- Found rosidl_generator_cpp: 3.1.5 (/opt/ros/humble/share/rosidl_generator_cpp/cmake)
[0.187s] -- Using all available rosidl_typesupport_c: rosidl_typesupport_fastrtps_c;rosidl_typesupport_introspection_c
[0.201s] -- Using all available rosidl_typesupport_cpp: rosidl_typesupport_fastrtps_cpp;rosidl_typesupport_introspection_cpp
[0.253s] -- Found rmw_implementation_cmake: 6.1.1 (/opt/ros/humble/share/rmw_implementation_cmake/cmake)
[0.254s] -- Found rmw_fastrtps_cpp: 6.2.4 (/opt/ros/humble/share/rmw_fastrtps_cpp/cmake)
[0.343s] -- Using RMW implementation 'rmw_fastrtps_cpp' as default
[0.485s] -- Found sensor_msgs: 4.2.3 (/opt/ros/humble/share/sensor_msgs/cmake)
[0.604s] -- Found trajectory_msgs: 4.2.3 (/opt/ros/humble/share/trajectory_msgs/cmake)
[0.687s] [31mCMake Error at CMakeLists.txt:23 (find_package):
[0.687s]   By not providing "Findkinova_msgs.cmake" in CMAKE_MODULE_PATH this project
[0.687s]   has asked CMake to find a package configuration file provided by
[0.688s]   "kinova_msgs", but CMake did not find one.
[0.688s] 
[0.688s]   Could not find a package configuration file provided by "kinova_msgs" with
[0.688s]   any of the following names:
[0.688s] 
[0.688s]     kinova_msgsConfig.cmake
[0.688s]     kinova_msgs-config.cmake
[0.688s] 
[0.688s]   Add the installation prefix of "kinova_msgs" to CMAKE_PREFIX_PATH or set
[0.688s]   "kinova_msgs_DIR" to a directory containing one of the above files.  If
[0.688s]   "kinova_msgs" provides a separate development package or SDK, be sure it
[0.688s]   has been installed.
[0.688s] 
[0.688s] [0m
[0.688s] -- Configuring incomplete, errors occurred!
[0.688s] See also "/root/ws/my_jaco_controller/build/my_jaco_controller/CMakeFiles/CMakeOutput.log".
[0.692s] Invoked command in '/root/ws/my_jaco_controller/build/my_jaco_controller' returned '1': CMAKE_PREFIX_PATH=/opt/ros/humble /usr/bin/cmake /root/ws/my_jaco_controller -DCMAKE_INSTALL_PREFIX=/root/ws/my_jaco_controller/install/my_jaco_controller
