[0.789s] DEBUG:colcon:Command line arguments: ['/usr/bin/colcon', 'build', '--packages-select', 'my_jaco_controller']
[0.790s] DEBUG:colcon:Parsed command line arguments: Namespace(log_base=None, log_level=None, verb_name='build', build_base='build', install_base='install', merge_install=False, symlink_install=False, test_result_base=None, continue_on_error=False, executor='parallel', parallel_workers=12, event_handlers=None, ignore_user_meta=False, metas=['./colcon.meta'], base_paths=['.'], packages_ignore=None, packages_ignore_regex=None, paths=None, packages_up_to=None, packages_up_to_regex=None, packages_above=None, packages_above_and_dependencies=None, packages_above_depth=None, packages_select_by_dep=None, packages_skip_by_dep=None, packages_skip_up_to=None, packages_select_build_failed=False, packages_skip_build_finished=False, packages_select_test_failures=False, packages_skip_test_passed=False, packages_select=['my_jaco_controller'], packages_skip=None, packages_select_regex=None, packages_skip_regex=None, packages_start=None, packages_end=None, cmake_args=None, cmake_target=None, cmake_target_skip_unavailable=False, cmake_clean_cache=False, cmake_clean_first=False, cmake_force_configure=False, ament_cmake_args=None, catkin_cmake_args=None, catkin_skip_building_tests=False, mixin_files=None, mixin=None, verb_parser=<colcon_mixin.mixin.mixin_argument.MixinArgumentDecorator object at 0x7ff0c4098ac0>, verb_extension=<colcon_core.verb.build.BuildVerb object at 0x7ff0c4099270>, main=<bound method BuildVerb.main of <colcon_core.verb.build.BuildVerb object at 0x7ff0c4099270>>, mixin_verb=('build',))
[0.824s] Level 1:colcon.colcon_core.package_discovery:discover_packages(colcon_meta) check parameters
[0.825s] INFO:colcon.colcon_metadata.package_discovery.colcon_meta:Using configuration from '/root/.colcon/metadata/default/Gazebo.meta'
[0.825s] INFO:colcon.colcon_metadata.package_discovery.colcon_meta:Using configuration from '/root/.colcon/metadata/default/fastrtps.meta'
[0.825s] Level 1:colcon.colcon_core.package_discovery:discover_packages(recursive) check parameters
[0.825s] Level 1:colcon.colcon_core.package_discovery:discover_packages(ignore) check parameters
[0.825s] Level 1:colcon.colcon_core.package_discovery:discover_packages(path) check parameters
[0.825s] Level 1:colcon.colcon_core.package_discovery:discover_packages(colcon_meta) discover
[0.825s] Level 1:colcon.colcon_core.package_discovery:discover_packages(recursive) discover
[0.825s] INFO:colcon.colcon_core.package_discovery:Crawling recursively for packages in '/root/ws/my_controllers/my_jaco_controller'
[0.825s] Level 1:colcon.colcon_core.package_identification:_identify(.) by extensions ['ignore', 'ignore_ament_install']
[0.825s] Level 1:colcon.colcon_core.package_identification:_identify(.) by extension 'ignore'
[0.826s] Level 1:colcon.colcon_core.package_identification:_identify(.) by extension 'ignore_ament_install'
[0.826s] Level 1:colcon.colcon_core.package_identification:_identify(.) by extensions ['colcon_pkg']
[0.826s] Level 1:colcon.colcon_core.package_identification:_identify(.) by extension 'colcon_pkg'
[0.826s] Level 1:colcon.colcon_core.package_identification:_identify(.) by extensions ['colcon_meta']
[0.826s] Level 1:colcon.colcon_core.package_identification:_identify(.) by extension 'colcon_meta'
[0.826s] Level 1:colcon.colcon_core.package_identification:_identify(.) by extensions ['ros']
[0.826s] Level 1:colcon.colcon_core.package_identification:_identify(.) by extension 'ros'
[0.837s] DEBUG:colcon.colcon_core.package_identification:Package '.' with type 'ros.ament_cmake' and name 'my_jaco_controller'
[0.837s] Level 1:colcon.colcon_core.package_discovery:discover_packages(recursive) using defaults
[0.838s] Level 1:colcon.colcon_core.package_discovery:discover_packages(ignore) discover
[0.838s] Level 1:colcon.colcon_core.package_discovery:discover_packages(ignore) using defaults
[0.838s] Level 1:colcon.colcon_core.package_discovery:discover_packages(path) discover
[0.838s] Level 1:colcon.colcon_core.package_discovery:discover_packages(path) using defaults
[0.891s] Level 5:colcon.colcon_core.verb:set package 'my_jaco_controller' build argument 'cmake_args' from command line to 'None'
[0.891s] Level 5:colcon.colcon_core.verb:set package 'my_jaco_controller' build argument 'cmake_target' from command line to 'None'
[0.891s] Level 5:colcon.colcon_core.verb:set package 'my_jaco_controller' build argument 'cmake_target_skip_unavailable' from command line to 'False'
[0.891s] Level 5:colcon.colcon_core.verb:set package 'my_jaco_controller' build argument 'cmake_clean_cache' from command line to 'False'
[0.891s] Level 5:colcon.colcon_core.verb:set package 'my_jaco_controller' build argument 'cmake_clean_first' from command line to 'False'
[0.891s] Level 5:colcon.colcon_core.verb:set package 'my_jaco_controller' build argument 'cmake_force_configure' from command line to 'False'
[0.891s] Level 5:colcon.colcon_core.verb:set package 'my_jaco_controller' build argument 'ament_cmake_args' from command line to 'None'
[0.891s] Level 5:colcon.colcon_core.verb:set package 'my_jaco_controller' build argument 'catkin_cmake_args' from command line to 'None'
[0.891s] Level 5:colcon.colcon_core.verb:set package 'my_jaco_controller' build argument 'catkin_skip_building_tests' from command line to 'False'
[0.891s] DEBUG:colcon.colcon_core.verb:Building package 'my_jaco_controller' with the following arguments: {'ament_cmake_args': None, 'build_base': '/root/ws/my_controllers/my_jaco_controller/build/my_jaco_controller', 'catkin_cmake_args': None, 'catkin_skip_building_tests': False, 'cmake_args': None, 'cmake_clean_cache': False, 'cmake_clean_first': False, 'cmake_force_configure': False, 'cmake_target': None, 'cmake_target_skip_unavailable': False, 'install_base': '/root/ws/my_controllers/my_jaco_controller/install/my_jaco_controller', 'merge_install': False, 'path': '/root/ws/my_controllers/my_jaco_controller', 'symlink_install': False, 'test_result_base': None}
[0.900s] INFO:colcon.colcon_core.executor:Executing jobs using 'parallel' executor
[0.910s] DEBUG:colcon.colcon_parallel_executor.executor.parallel:run_until_complete
[0.910s] INFO:colcon.colcon_ros.task.ament_cmake.build:Building ROS package in '/root/ws/my_controllers/my_jaco_controller' with build type 'ament_cmake'
[0.910s] INFO:colcon.colcon_cmake.task.cmake.build:Building CMake package in '/root/ws/my_controllers/my_jaco_controller'
[0.920s] INFO:colcon.colcon_core.plugin_system:Skipping extension 'colcon_core.shell.bat': Not used on non-Windows systems
[0.920s] INFO:colcon.colcon_core.shell:Skip shell extension 'powershell' for command environment: Not usable outside of PowerShell
[0.921s] DEBUG:colcon.colcon_core.shell:Skip shell extension 'dsv' for command environment
[0.955s] DEBUG:colcon.colcon_core.event_handler.log_command:Invoking command in '/root/ws/my_controllers/my_jaco_controller/build/my_jaco_controller': CMAKE_PREFIX_PATH=${CMAKE_PREFIX_PATH}:/opt/ros/humble /usr/bin/cmake /root/ws/my_controllers/my_jaco_controller -DCMAKE_INSTALL_PREFIX=/root/ws/my_controllers/my_jaco_controller/install/my_jaco_controller
[0.963s] DEBUG:colcon.colcon_core.event_handler.log_command:Invoked command in '/root/ws/my_controllers/my_jaco_controller/build/my_jaco_controller' returned '1': CMAKE_PREFIX_PATH=${CMAKE_PREFIX_PATH}:/opt/ros/humble /usr/bin/cmake /root/ws/my_controllers/my_jaco_controller -DCMAKE_INSTALL_PREFIX=/root/ws/my_controllers/my_jaco_controller/install/my_jaco_controller
[0.973s] Level 1:colcon.colcon_core.environment:create_environment_scripts_only(my_jaco_controller)
[0.984s] Level 1:colcon.colcon_core.environment:checking '/root/ws/my_controllers/my_jaco_controller/install/my_jaco_controller' for CMake module files
[0.984s] Level 1:colcon.colcon_core.environment:checking '/root/ws/my_controllers/my_jaco_controller/install/my_jaco_controller' for CMake config files
[0.985s] Level 1:colcon.colcon_core.environment:checking '/root/ws/my_controllers/my_jaco_controller/install/my_jaco_controller/lib'
[0.985s] Level 1:colcon.colcon_core.environment:checking '/root/ws/my_controllers/my_jaco_controller/install/my_jaco_controller/bin'
[0.985s] Level 1:colcon.colcon_core.environment:checking '/root/ws/my_controllers/my_jaco_controller/install/my_jaco_controller/lib/pkgconfig/my_jaco_controller.pc'
[0.986s] Level 1:colcon.colcon_core.environment:checking '/root/ws/my_controllers/my_jaco_controller/install/my_jaco_controller/lib/python3.10/site-packages'
[0.987s] Level 1:colcon.colcon_core.shell:create_environment_hook('my_jaco_controller', 'pythonpath')
[0.995s] INFO:colcon.colcon_core.shell:Creating environment hook '/root/ws/my_controllers/my_jaco_controller/install/my_jaco_controller/share/my_jaco_controller/hook/pythonpath.ps1'
[0.996s] INFO:colcon.colcon_core.shell:Creating environment descriptor '/root/ws/my_controllers/my_jaco_controller/install/my_jaco_controller/share/my_jaco_controller/hook/pythonpath.dsv'
[0.996s] INFO:colcon.colcon_core.shell:Creating environment hook '/root/ws/my_controllers/my_jaco_controller/install/my_jaco_controller/share/my_jaco_controller/hook/pythonpath.sh'
[0.997s] Level 1:colcon.colcon_core.environment:checking '/root/ws/my_controllers/my_jaco_controller/install/my_jaco_controller/bin'
[1.006s] INFO:colcon.colcon_core.shell:Creating package script '/root/ws/my_controllers/my_jaco_controller/install/my_jaco_controller/share/my_jaco_controller/package.ps1'
[1.006s] INFO:colcon.colcon_core.shell:Creating package descriptor '/root/ws/my_controllers/my_jaco_controller/install/my_jaco_controller/share/my_jaco_controller/package.dsv'
[1.007s] INFO:colcon.colcon_core.shell:Creating package script '/root/ws/my_controllers/my_jaco_controller/install/my_jaco_controller/share/my_jaco_controller/package.sh'
[1.007s] INFO:colcon.colcon_core.shell:Creating package script '/root/ws/my_controllers/my_jaco_controller/install/my_jaco_controller/share/my_jaco_controller/package.bash'
[1.008s] INFO:colcon.colcon_core.shell:Creating package script '/root/ws/my_controllers/my_jaco_controller/install/my_jaco_controller/share/my_jaco_controller/package.zsh'
[1.009s] Level 1:colcon.colcon_core.environment:create_file_with_runtime_dependencies(/root/ws/my_controllers/my_jaco_controller/install/my_jaco_controller/share/colcon-core/packages/my_jaco_controller)
[1.019s] DEBUG:colcon.colcon_parallel_executor.executor.parallel:closing loop
[1.019s] DEBUG:colcon.colcon_parallel_executor.executor.parallel:loop closed
[1.019s] DEBUG:colcon.colcon_parallel_executor.executor.parallel:run_until_complete finished with '1'
[1.019s] DEBUG:colcon.colcon_core.event_reactor:joining thread
[1.032s] INFO:colcon.colcon_core.plugin_system:Skipping extension 'colcon_notification.desktop_notification.notify_send': Could not find 'notify-send'
[1.032s] INFO:colcon.colcon_core.plugin_system:Skipping extension 'colcon_notification.desktop_notification.terminal_notifier': Not used on non-Darwin systems
[1.032s] INFO:colcon.colcon_core.plugin_system:Skipping extension 'colcon_notification.desktop_notification.win32': Not used on non-Windows systems
[1.032s] INFO:colcon.colcon_notification.desktop_notification:Sending desktop notification using 'notify2'
[1.034s] DEBUG:colcon.colcon_notification.desktop_notification.notify2:Failed to initialize notify2: org.freedesktop.DBus.Error.Spawn.ExecFailed: /usr/bin/dbus-launch terminated abnormally without any error message
[1.035s] DEBUG:colcon.colcon_core.event_reactor:joined thread
[1.045s] INFO:colcon.colcon_core.shell:Creating prefix script '/root/ws/my_controllers/my_jaco_controller/install/local_setup.ps1'
[1.046s] INFO:colcon.colcon_core.shell:Creating prefix util module '/root/ws/my_controllers/my_jaco_controller/install/_local_setup_util_ps1.py'
[1.047s] INFO:colcon.colcon_core.shell:Creating prefix chain script '/root/ws/my_controllers/my_jaco_controller/install/setup.ps1'
[1.057s] INFO:colcon.colcon_core.shell:Creating prefix script '/root/ws/my_controllers/my_jaco_controller/install/local_setup.sh'
[1.057s] INFO:colcon.colcon_core.shell:Creating prefix util module '/root/ws/my_controllers/my_jaco_controller/install/_local_setup_util_sh.py'
[1.058s] INFO:colcon.colcon_core.shell:Creating prefix chain script '/root/ws/my_controllers/my_jaco_controller/install/setup.sh'
[1.067s] INFO:colcon.colcon_core.shell:Creating prefix script '/root/ws/my_controllers/my_jaco_controller/install/local_setup.bash'
[1.068s] INFO:colcon.colcon_core.shell:Creating prefix chain script '/root/ws/my_controllers/my_jaco_controller/install/setup.bash'
[1.077s] INFO:colcon.colcon_core.shell:Creating prefix script '/root/ws/my_controllers/my_jaco_controller/install/local_setup.zsh'
[1.078s] INFO:colcon.colcon_core.shell:Creating prefix chain script '/root/ws/my_controllers/my_jaco_controller/install/setup.zsh'
