[0.034s] Invoking command in '/root/ws/my_jaco_controller/build/my_jaco_controller': CMAKE_PREFIX_PATH=/opt/ros/humble /usr/bin/cmake /root/ws/my_jaco_controller -DCMAKE_INSTALL_PREFIX=/root/ws/my_jaco_controller/install/my_jaco_controller
[0.080s] -- The C compiler identification is GNU 11.4.0
[0.126s] -- The CXX compiler identification is GNU 11.4.0
[0.132s] -- Detecting C compiler ABI info
[0.185s] -- Detecting C compiler ABI info - done
[0.191s] -- Check for working C compiler: /usr/bin/cc - skipped
[0.191s] -- Detecting C compile features
[0.192s] -- Detecting C compile features - done
[0.194s] -- Detecting CXX compiler ABI info
[0.256s] -- Detecting CXX compiler ABI info - done
[0.263s] -- Check for working CXX compiler: /usr/bin/c++ - skipped
[0.263s] -- Detecting CXX compile features
[0.263s] -- Detecting CXX compile features - done
[0.266s] -- Found ament_cmake: 1.3.5 (/opt/ros/humble/share/ament_cmake/cmake)
[0.379s] -- Found Python3: /usr/bin/python3.10 (found version "3.10.12") found components: Interpreter 
[0.452s] -- Found rclcpp: 16.0.6 (/opt/ros/humble/share/rclcpp/cmake)
[0.488s] -- Found rosidl_generator_c: 3.1.5 (/opt/ros/humble/share/rosidl_generator_c/cmake)
[0.493s] -- Found rosidl_adapter: 3.1.5 (/opt/ros/humble/share/rosidl_adapter/cmake)
[0.501s] -- Found rosidl_generator_cpp: 3.1.5 (/opt/ros/humble/share/rosidl_generator_cpp/cmake)
[0.514s] -- Using all available rosidl_typesupport_c: rosidl_typesupport_fastrtps_c;rosidl_typesupport_introspection_c
[0.531s] -- Using all available rosidl_typesupport_cpp: rosidl_typesupport_fastrtps_cpp;rosidl_typesupport_introspection_cpp
[0.595s] -- Found rmw_implementation_cmake: 6.1.1 (/opt/ros/humble/share/rmw_implementation_cmake/cmake)
[0.597s] -- Found rmw_fastrtps_cpp: 6.2.4 (/opt/ros/humble/share/rmw_fastrtps_cpp/cmake)
[0.677s] -- Found OpenSSL: /usr/lib/x86_64-linux-gnu/libcrypto.so (found version "3.0.2")  
[0.694s] -- Found FastRTPS: /opt/ros/humble/include  
[0.729s] -- Using RMW implementation 'rmw_fastrtps_cpp' as default
[0.738s] -- Looking for pthread.h
[0.795s] -- Looking for pthread.h - found
[0.795s] -- Performing Test CMAKE_HAVE_LIBC_PTHREAD
[0.853s] -- Performing Test CMAKE_HAVE_LIBC_PTHREAD - Success
[0.853s] -- Found Threads: TRUE  
[1.003s] -- Found sensor_msgs: 4.2.3 (/opt/ros/humble/share/sensor_msgs/cmake)
[1.124s] -- Found trajectory_msgs: 4.2.3 (/opt/ros/humble/share/trajectory_msgs/cmake)
[1.208s] [31mCMake Error at CMakeLists.txt:23 (find_package):
[1.208s]   By not providing "Findkinova_msgs.cmake" in CMAKE_MODULE_PATH this project
[1.208s]   has asked CMake to find a package configuration file provided by
[1.208s]   "kinova_msgs", but CMake did not find one.
[1.208s] 
[1.208s]   Could not find a package configuration file provided by "kinova_msgs" with
[1.208s]   any of the following names:
[1.208s] 
[1.208s]     kinova_msgsConfig.cmake
[1.208s]     kinova_msgs-config.cmake
[1.208s] 
[1.208s]   Add the installation prefix of "kinova_msgs" to CMAKE_PREFIX_PATH or set
[1.209s]   "kinova_msgs_DIR" to a directory containing one of the above files.  If
[1.209s]   "kinova_msgs" provides a separate development package or SDK, be sure it
[1.209s]   has been installed.
[1.209s] 
[1.209s] [0m
[1.209s] -- Configuring incomplete, errors occurred!
[1.209s] See also "/root/ws/my_jaco_controller/build/my_jaco_controller/CMakeFiles/CMakeOutput.log".
[1.214s] Invoked command in '/root/ws/my_jaco_controller/build/my_jaco_controller' returned '1': CMAKE_PREFIX_PATH=/opt/ros/humble /usr/bin/cmake /root/ws/my_jaco_controller -DCMAKE_INSTALL_PREFIX=/root/ws/my_jaco_controller/install/my_jaco_controller
